Unable to fetch logo for "17app.co"
Unable to fetch logo for "abusewith.us"
Unable to fetch logo for "ahashare.com"
Unable to fetch logo for "animegame.me"
Unable to fetch logo for "armyforceonline.com"
Unable to fetch logo for "astropid.com"
Unable to fetch logo for "atlasquantum.com"
Unable to fetch logo for "battlefieldheroes.com"
Unable to fetch logo for "beautifulpeople.com"
Unable to fetch logo for "bigmoneyjobs.com"
Unable to fetch logo for "binweevils.com"
Unable to fetch logo for "bittorrent.com"
Unable to fetch logo for "bluesnap.com"
Unable to fetch logo for "bolt.cd"
Unable to fetch logo for "btc-e.com"
Unable to fetch logo for "cashcrate.com"
Unable to fetch logo for "clearvoicesurveys.com"
Unable to fetch logo for "comcast.net"
Unable to fetch logo for "crackingforum.com"
Unable to fetch logo for "dailyquiz.me"
Unable to fetch logo for "dangdang.com"
Unable to fetch logo for "datanleads.com"
Unable to fetch logo for "devkitpro.org"
Unable to fetch logo for "digimon.co.in"
Unable to fetch logo for "divxsubtitles.net"
Unable to fetch logo for "doxbin.com"
Unable to fetch logo for "duelingnetwork.com"
Unable to fetch logo for "dvd-shop.ch"
Unable to fetch logo for "elanic.in"
Unable to fetch logo for "eroticy.com"
Unable to fetch logo for "eservices.durban.gov.za"
Unable to fetch logo for "exactis.com"
Unable to fetch logo for "f.elex.com"
Unable to fetch logo for "fashionnexus.co.uk"
Unable to fetch logo for "ffshrine.org"
Unable to fetch logo for "fhostingesps6bly.onion"
Unable to fetch logo for "forums.boxee.com"
Unable to fetch logo for "game-tuts.com"
Unable to fetch logo for "ge.tt"
Unable to fetch logo for "geekedin.net"
Unable to fetch logo for "getrevengeonyourex.com"
Unable to fetch logo for "gpotato.com"
Unable to fetch logo for "gpsunderground.com"
Unable to fetch logo for "gtagaming.com"
Unable to fetch logo for "hackingteam.com"
Unable to fetch logo for "healthnow.co"
Unable to fetch logo for "heroesofgaia.com"
Unable to fetch logo for "hongfire.com"
Unable to fetch logo for "hounddawgs.org"
Unable to fetch logo for "hub4tech.com"
Unable to fetch logo for "i-dressup.com"
Unable to fetch logo for "imesh.com"
Unable to fetch logo for "insanelyi.com"
Unable to fetch logo for "ipmart-forum.com"
Unable to fetch logo for "justdate.com"
Unable to fetch logo for "leet.cc"
Unable to fetch logo for "liker.com"
Unable to fetch logo for "littlemonsters.com"
Unable to fetch logo for "lizardstresser.su"
Unable to fetch logo for "mac-torrents.com"
Unable to fetch logo for "mangatraders.com"
Unable to fetch logo for "mechodownload.com"
Unable to fetch logo for "mindjolt.com"
Unable to fetch logo for "minecraftpeforum.net"
Unable to fetch logo for "minecraftworldmap.com"
Unable to fetch logo for "modaco.com"
Unable to fetch logo for "modbsolutions.com"
Unable to fetch logo for "muslimdirectory.co.uk"
Unable to fetch logo for "myfha.net"
Unable to fetch logo for "myrepospace.com"
Unable to fetch logo for "napsgear.org"
Unable to fetch logo for "nemoweb.net"
Unable to fetch logo for "neteller.com"
Unable to fetch logo for "netlog.com"
Unable to fetch logo for "netprospex.com"
Unable to fetch logo for "nextgenupdate.com"
Unable to fetch logo for "nihonomaru.net"
Unable to fetch logo for "nonnudegirls.org"
Unable to fetch logo for "nulled.cr"
Unable to fetch logo for "ogusers.com"
Unable to fetch logo for "opencsgo.com"
Unable to fetch logo for "paragoncheats.com"
Unable to fetch logo for "pemiblanc.com"
Unable to fetch logo for "peoplesenergy.co.uk"
Unable to fetch logo for "play-gar.com"
Unable to fetch logo for "programmingforums.org"
Unable to fetch logo for "ps3hax.net"
Unable to fetch logo for "pspiso.com"
Unable to fetch logo for "psx-scene.com"
Unable to fetch logo for "qip.ru"
Unable to fetch logo for "quantumbooter.net"
Unable to fetch logo for "rivercitymediaonline.com"
Unable to fetch logo for "seedpeer.eu"
Unable to fetch logo for "sharethis.com"
Unable to fetch logo for "shockgore.com"
Unable to fetch logo for "sonicbids.com"
Unable to fetch logo for "soundwave.com"
Unable to fetch logo for "specials.mastercard.de"
Unable to fetch logo for "staminus.net"
Unable to fetch logo for "sterkinekor.co.za"
Unable to fetch logo for "sumotorrent.sx"
Unable to fetch logo for "tamodo.com"
Unable to fetch logo for "thecandidboard.com"
Unable to fetch logo for "thehalloweenspot.com"
Unable to fetch logo for "thewarinc.com"
Unable to fetch logo for "thishabboforum.com"
Unable to fetch logo for "toondoo.com"
Unable to fetch logo for "torrent-invites.com"
Unable to fetch logo for "unicocampania.it"
Unable to fetch logo for "vastaamo.fi"
Unable to fetch logo for "verifications.io"
Unable to fetch logo for "verified.cm"
Unable to fetch logo for "victoryphones.com"
Unable to fetch logo for "viewfines.co.za"
Unable to fetch logo for "vtechda.com"
Unable to fetch logo for "weleakinfo.com"
Unable to fetch logo for "wiiuiso.com"
Unable to fetch logo for "xboxscene.com"
Unable to fetch logo for "zurich.co.jp"
